Arguments: 
  /usr/local/bin/node /usr/local/bin/yarn add eslint @typescript-eslint/parser @typescript-eslint/eslint-plugin --dev

PATH: 
  /usr/local/bin:/usr/bin:/bin:/usr/sbin:/sbin:/opt/homebrew/bin:/opt/homebrew/sbin

Yarn version: 
  1.22.11

Node version: 
  16.8.0

Platform: 
  darwin arm64

Trace: 
  Error: https://registry.yarnpkg.com/@typescript-eslint%2findent: Not found
      at Request.params.callback [as _callback] (/usr/local/lib/node_modules/yarn/lib/cli.js:66992:18)
      at Request.self.callback (/usr/local/lib/node_modules/yarn/lib/cli.js:140763:22)
      at Request.emit (node:events:394:28)
      at Request.<anonymous> (/usr/local/lib/node_modules/yarn/lib/cli.js:141735:10)
      at Request.emit (node:events:394:28)
      at IncomingMessage.<anonymous> (/usr/local/lib/node_modules/yarn/lib/cli.js:141657:12)
      at Object.onceWrapper (node:events:513:28)
      at IncomingMessage.emit (node:events:406:35)
      at endReadableNT (node:internal/streams/readable:1343:12)
      at processTicksAndRejections (node:internal/process/task_queues:83:21)

npm manifest: 
  {
    "name": "project",
    "version": "1.0.0",
    "description": "최종 프로젝트 폴더입니다",
    "main": "app.js",
    "scripts": {
      "test": "echo \"Error: no test specified\" && exit 1",
      "build": "tsc"
    },
    "keywords": [],
    "author": "",
    "license": "ISC",
    "devDependencies": {
      "@babel/core": "^7.17.0",
      "@babel/preset-env": "^7.16.11",
      "@babel/preset-typescript": "^7.16.7",
      "@typescript-eslint/eslint-plugin": "^5.10.2",
      "@typescript-eslint/parser": "^5.10.2",
      "eslint": "^8.8.0",
      "eslint-plugin-prettier": "^4.0.0",
      "prettier": "^2.5.1",
      "typescript": "^4.5.5",
      "@typescript-eslint/indent": "off"
    },
    "dependencies": {
      "axios": "^0.25.0"
    }
  }

yarn manifest: 
  No manifest

Lockfile: 
  No lockfile
